<?xml version="1.0" encoding="UTF-8"?>
<testng-results ignored="0" total="0" passed="0" failed="0" skipped="0">
  <reporter-output>
  </reporter-output>
  <suite started-at="2024-01-06T18:07:40Z" name="Suite1" finished-at="2024-01-06T18:07:41Z" duration-ms="525">
    <groups>
      <group name="cucumber">
        <method signature="AbstractTestNGCucumberTests.runScenario(io.cucumber.testng.PickleWrapper, io.cucumber.testng.FeatureWrapper)[pri:0, instance:AdvanceSelenium.mouseHover@57cf54e1]" name="runScenario" class="io.cucumber.testng.AbstractTestNGCucumberTests"/>
      </group> <!-- cucumber -->
    </groups>
    <test started-at="2024-01-06T18:07:40Z" name="Nopackage" finished-at="2024-01-06T18:07:41Z" duration-ms="525">
      <class name="AdvanceSelenium.mouseHover">
        <test-method is-config="true" signature="setUpClass(org.testng.ITestContext)[pri:0, instance:AdvanceSelenium.mouseHover@57cf54e1]" started-at="2024-01-06T18:07:40Z" name="setUpClass" finished-at="2024-01-06T18:07:40Z" duration-ms="449" status="PASS">
          <params>
            <param index="0">
              <value>
                <![CDATA[org.testng.TestRunner@3af0a9da]]>
              </value>
            </param>
          </params>
          <reporter-output>
          </reporter-output>
        </test-method> <!-- setUpClass -->
        <test-method is-config="true" signature="tearDownClass()[pri:0, instance:AdvanceSelenium.mouseHover@57cf54e1]" started-at="2024-01-06T18:07:40Z" name="tearDownClass" finished-at="2024-01-06T18:07:41Z" duration-ms="18" status="PASS">
          <reporter-output>
          </reporter-output>
        </test-method> <!-- tearDownClass -->
      </class> <!-- AdvanceSelenium.mouseHover -->
    </test> <!-- Nopackage -->
  </suite> <!-- Suite1 -->
</testng-results>
